<?xml version="1.0" encoding="UTF-8"?>
<!-- Generated by org.testng.reporters.JUnitReportReporter -->
<testsuite skipped="0" hostname="hp" name="Justcheck.Test1" tests="1" failures="0" timestamp="25 Dec 2019 13:22:23 GMT" time="0.125" errors="0">
  <testcase name="Tried" time="0.125" classname="Justcheck.Test1"/>
</testsuite> <!-- Justcheck.Test1 -->
