<?xml version="1.0" encoding="UTF-8"?>
<!-- Generated by org.testng.reporters.JUnitReportReporter -->
<testsuite skipped="0" hostname="hp" name="Pom_test.org.testers.Testing1" tests="1" failures="0" timestamp="25 Dec 2019 12:37:59 GMT" time="0.177" errors="0">
  <testcase name="Tried" time="0.177" classname="Pom_test.org.testers.Testing1"/>
</testsuite> <!-- Pom_test.org.testers.Testing1 -->
