<?xml version="1.0" encoding="UTF-8"?>
<!-- Generated by org.testng.reporters.JUnitReportReporter -->
<testsuite skipped="0" hostname="hp" name="Pom_test.org.testers.Testing1" tests="1" failures="0" timestamp="11 Nov 2019 07:27:46 GMT" time="0.123" errors="0">
  <testcase name="Tried" time="0.123" classname="Pom_test.org.testers.Testing1"/>
</testsuite> <!-- Pom_test.org.testers.Testing1 -->
